[0709/163325.297:ERROR:process_reader_win.cc(182)] ResumeThread: The parameter is incorrect. (0x57)
[0709/163325.760:ERROR:process_reader_win.cc(151)] SuspendThread: Access is denied. (0x5)
[0709/163325.760:ERROR:process_reader_win.cc(151)] SuspendThread: Access is denied. (0x5)
[0709/163325.760:ERROR:process_reader_win.cc(151)] SuspendThread: Access is denied. (0x5)
[0709/163325.760:ERROR:process_reader_win.cc(151)] SuspendThread: Access is denied. (0x5)
[0709/163325.760:ERROR:process_reader_win.cc(151)] SuspendThread: Access is denied. (0x5)
[0709/163325.760:ERROR:process_reader_win.cc(151)] SuspendThread: Access is denied. (0x5)
[0709/163325.760:ERROR:process_reader_win.cc(151)] SuspendThread: Access is denied. (0x5)
[0709/163325.760:ERROR:process_reader_win.cc(151)] SuspendThread: Access is denied. (0x5)
[0709/163325.760:ERROR:process_reader_win.cc(151)] SuspendThread: Access is denied. (0x5)
[0709/163325.760:ERROR:process_reader_win.cc(151)] SuspendThread: Access is denied. (0x5)
[0709/163325.760:ERROR:process_reader_win.cc(151)] SuspendThread: Access is denied. (0x5)
[0709/163325.760:ERROR:process_reader_win.cc(151)] SuspendThread: Access is denied. (0x5)
[0709/163325.760:ERROR:process_reader_win.cc(151)] SuspendThread: Access is denied. (0x5)
[0709/163325.761:ERROR:process_reader_win.cc(151)] SuspendThread: Access is denied. (0x5)
[0709/163325.761:ERROR:process_reader_win.cc(151)] SuspendThread: Access is denied. (0x5)
[0709/163325.761:ERROR:process_reader_win.cc(151)] SuspendThread: Access is denied. (0x5)
[0709/163325.761:ERROR:exception_snapshot_win.cc(98)] thread ID 8820 not found in process
[0709/220304.496:ERROR:process_reader_win.cc(182)] ResumeThread: The parameter is incorrect. (0x57)
[0709/220304.899:ERROR:process_reader_win.cc(123)] NtOpenThread: An invalid Client ID was specified. (0xc000000b)
[0709/220304.963:ERROR:process_reader_win.cc(123)] NtOpenThread: An invalid Client ID was specified. (0xc000000b)
[0709/220304.963:ERROR:process_reader_win.cc(123)] NtOpenThread: An invalid Client ID was specified. (0xc000000b)
[0709/220304.963:ERROR:process_reader_win.cc(123)] NtOpenThread: An invalid Client ID was specified. (0xc000000b)
[0709/220304.963:ERROR:process_reader_win.cc(123)] NtOpenThread: An invalid Client ID was specified. (0xc000000b)
[0709/220304.963:ERROR:process_reader_win.cc(123)] NtOpenThread: An invalid Client ID was specified. (0xc000000b)
[0709/220304.963:ERROR:process_reader_win.cc(123)] NtOpenThread: An invalid Client ID was specified. (0xc000000b)
[0709/220304.963:ERROR:process_reader_win.cc(123)] NtOpenThread: An invalid Client ID was specified. (0xc000000b)
[0709/220304.963:ERROR:process_reader_win.cc(123)] NtOpenThread: An invalid Client ID was specified. (0xc000000b)
[0709/220304.963:ERROR:process_reader_win.cc(123)] NtOpenThread: An invalid Client ID was specified. (0xc000000b)
[0709/220304.963:ERROR:process_reader_win.cc(123)] NtOpenThread: An invalid Client ID was specified. (0xc000000b)
[0709/220304.963:ERROR:process_memory_win.cc(73)] ReadMemory at 0x36d2f0 of 16 bytes failed: Only part of a ReadProcessMemory or WriteProcessMemory request was completed. (0x12B)
[0709/220304.963:ERROR:exception_snapshot_win.cc(195)] EXCEPTION_POINTERS read failed
[0709/220304.963:ERROR:scoped_process_suspend.cc(40)] NtResumeProcess: An attempt was made to access an exiting process. (0xc000010a)
